1652486592551	geckodriver	INFO	Listening on 127.0.0.1:62875
1652486595647	mozrunner::runner	INFO	Running command: "C:\\Program Files\\Mozilla Firefox\\firefox.exe" "--marionette" "--incognito" "user-agent=\"Mozilla/5.0 (Linux; Android 4.4.2; Nexus 4 Build/KOT49H) AppleWebKit/537.36 (KHTML, like Gecko) Chrome/34.0.1847.114 Mobile Safari/537.36\"" "-no-remote" "-profile" "C:\\Users\\14429\\AppData\\Local\\Temp\\rust_mozprofilexVukVg"
1652486596493	Marionette	INFO	Marionette enabled
console.warn: SearchSettings: "get: No settings file exists, new profile?" (new NotFoundError("Could not open the file at C:\\Users\\14429\\AppData\\Local\\Temp\\rust_mozprofilexVukVg\\search.json.mozlz4", (void 0)))
1652486599046	Marionette	INFO	Listening on port 62915
Read port: 62915
1652486599135	RemoteAgent	WARN	TLS certificate errors will be ignored for this session
1652486602502	geckodriver	INFO	Listening on 127.0.0.1:62921
1652486605560	mozrunner::runner	INFO	Running command: "C:\\Program Files\\Mozilla Firefox\\firefox.exe" "--marionette" "--incognito" "user-agent=\"Mozilla/5.0 (Linux; Android 4.4.2; Nexus 4 Build/KOT49H) AppleWebKit/537.36 (KHTML, like Gecko) Chrome/34.0.1847.114 Mobile Safari/537.36\"" "-no-remote" "-profile" "C:\\Users\\14429\\AppData\\Local\\Temp\\rust_mozprofile28UxnM"
1652486605984	Marionette	INFO	Marionette enabled
console.warn: SearchSettings: "get: No settings file exists, new profile?" (new NotFoundError("Could not open the file at C:\\Users\\14429\\AppData\\Local\\Temp\\rust_mozprofile28UxnM\\search.json.mozlz4", (void 0)))
1652486607869	Marionette	INFO	Listening on port 62942
Read port: 62942
1652486608014	RemoteAgent	WARN	TLS certificate errors will be ignored for this session
console.error: Region.jsm: "Error fetching region" (new Error("TIMEOUT", "resource://gre/modules/Region.jsm", 772))
console.error: Region.jsm: "Failed to fetch region" (new Error("TIMEOUT", "resource://gre/modules/Region.jsm", 419))
A content process crashed and MOZ_CRASHREPORTER_SHUTDOWN is set, shutting down

###!!! [Parent][PContentParent] Error: Send(msgname=PContent::Msg_FlushTabState) Channel error: cannot send/recv


###!!! [Parent][PContentParent] Error: Send(msgname=PContent::Msg_AsyncMessage) Channel error: cannot send/recv


###!!! [Parent][PContentParent] Error: Send(msgname=PContent::Msg_AsyncMessage) Channel error: cannot send/recv


###!!! [Parent][PContentParent] Error: Send(msgname=PContent::Msg_AsyncMessage) Channel error: cannot send/recv


###!!! [Parent][PContentParent] Error: Send(msgname=PContent::Msg_AsyncMessage) Channel error: cannot send/recv


###!!! [Parent][PContentParent] Error: Send(msgname=PContent::Msg_AsyncMessage) Channel error: cannot send/recv


###!!! [Parent][PContentParent] Error: Send(msgname=PContent::Msg_AsyncMessage) Channel error: cannot send/recv


###!!! [Parent][PContentParent] Error: Send(msgname=PContent::Msg_AsyncMessage) Channel error: cannot send/recv


###!!! [Parent][PContentParent] Error: Send(msgname=PContent::Msg_AsyncMessage) Channel error: cannot send/recv


###!!! [Parent][PContentParent] Error: Send(msgname=PContent::Msg_AsyncMessage) Channel error: cannot send/recv


###!!! [Parent][PContentParent] Error: Send(msgname=PContent::Msg_AsyncMessage) Channel error: cannot send/recv


###!!! [Parent][PContentParent] Error: Send(msgname=PContent::Msg_AsyncMessage) Channel error: cannot send/recv


###!!! [Parent][PContentParent] Error: Send(msgname=PContent::Msg_AsyncMessage) Channel error: cannot send/recv


###!!! [Parent][PContentParent] Error: Send(msgname=PContent::Msg_RegisterChromeItem) Channel error: cannot send/recv


###!!! [Parent][PContentParent] Error: Send(msgname=PContent::Msg_RegisterChromeItem) Channel error: cannot send/recv


###!!! [Parent][PContentParent] Error: Send(msgname=PContent::Msg_RegisterChromeItem) Channel error: cannot send/recv


###!!! [Parent][PContentParent] Error: Send(msgname=PContent::Msg_AsyncMessage) Channel error: cannot send/recv


###!!! [Parent][PContentParent] Error: Send(msgname=PContent::Msg_AsyncMessage) Channel error: cannot send/recv


###!!! [Parent][PContentParent] Error: Send(msgname=PContent::Msg_AsyncMessage) Channel error: cannot send/recv


###!!! [Parent][PContentParent] Error: Send(msgname=PContent::Msg_AsyncMessage) Channel error: cannot send/recv


###!!! [Parent][PContentParent] Error: Send(msgname=PContent::Msg_AsyncMessage) Channel error: cannot send/recv


###!!! [Parent][PContentParent] Error: Send(msgname=PContent::Msg_AsyncMessage) Channel error: cannot send/recv


###!!! [Parent][PContentParent] Error: Send(msgname=PContent::Msg_AsyncMessage) Channel error: cannot send/recv


###!!! [Parent][PContentParent] Error: Send(msgname=PContent::Msg_AsyncMessage) Channel error: cannot send/recv


###!!! [Parent][PContentParent] Error: Send(msgname=PContent::Msg_AsyncMessage) Channel error: cannot send/recv


###!!! [Parent][PContentParent] Error: Send(msgname=PContent::Msg_AsyncMessage) Channel error: cannot send/recv


###!!! [Parent][PContentParent] Error: Send(msgname=PContent::Msg_AsyncMessage) Channel error: cannot send/recv


###!!! [Parent][PContentParent] Error: Send(msgname=PContent::Msg_AsyncMessage) Channel error: cannot send/recv


###!!! [Parent][PContentParent] Error: Send(msgname=PContent::Msg_AsyncMessage) Channel error: cannot send/recv


###!!! [Parent][PContentParent] Error: Send(msgname=PContent::Msg_AsyncMessage) Channel error: cannot send/recv


###!!! [Parent][PContentParent] Error: Send(msgname=PContent::Msg_AsyncMessage) Channel error: cannot send/recv


###!!! [Parent][PContentParent] Error: Send(msgname=PContent::Msg_AsyncMessage) Channel error: cannot send/recv


###!!! [Parent][PContentParent] Error: Send(msgname=PContent::Msg_AsyncMessage) Channel error: cannot send/recv


###!!! [Parent][PContentParent] Error: Send(msgname=PContent::Msg_AsyncMessage) Channel error: cannot send/recv


###!!! [Parent][PContentParent] Error: Send(msgname=PContent::Msg_AsyncMessage) Channel error: cannot send/recv


###!!! [Parent][PContentParent] Error: Send(msgname=PContent::Msg_AsyncMessage) Channel error: cannot send/recv


###!!! [Parent][PContentParent] Error: Send(msgname=PContent::Msg_AsyncMessage) Channel error: cannot send/recv


###!!! [Parent][PContentParent] Error: Send(msgname=PContent::Msg_AsyncMessage) Channel error: cannot send/recv


###!!! [Parent][PContentParent] Error: Send(msgname=PContent::Msg_AsyncMessage) Channel error: cannot send/recv


###!!! [Parent][PContentParent] Error: Send(msgname=PContent::Msg_AsyncMessage) Channel error: cannot send/recv


###!!! [Parent][PContentParent] Error: Send(msgname=PContent::Msg_AsyncMessage) Channel error: cannot send/recv


###!!! [Parent][PContentParent] Error: Send(msgname=PContent::Msg_AsyncMessage) Channel error: cannot send/recv


###!!! [Parent][PContentParent] Error: Send(msgname=PContent::Msg_AsyncMessage) Channel error: cannot send/recv


###!!! [Parent][PContentParent] Error: Send(msgname=PContent::Msg_AsyncMessage) Channel error: cannot send/recv


###!!! [Parent][PContentParent] Error: Send(msgname=PContent::Msg_AsyncMessage) Channel error: cannot send/recv


###!!! [Parent][PContentParent] Error: Send(msgname=PContent::Msg_AsyncMessage) Channel error: cannot send/recv


###!!! [Parent][PContentParent] Error: Send(msgname=PContent::Msg_AsyncMessage) Channel error: cannot send/recv


###!!! [Parent][PContentParent] Error: Send(msgname=PContent::Msg_AsyncMessage) Channel error: cannot send/recv


###!!! [Parent][PContentParent] Error: Send(msgname=PContent::Msg_AsyncMessage) Channel error: cannot send/recv


###!!! [Parent][PContentParent] Error: Send(msgname=PContent::Msg_AsyncMessage) Channel error: cannot send/recv


###!!! [Parent][PContentParent] Error: Send(msgname=PContent::Msg_AsyncMessage) Channel error: cannot send/recv


###!!! [Parent][PContentParent] Error: Send(msgname=PContent::Msg_AsyncMessage) Channel error: cannot send/recv


###!!! [Parent][PContentParent] Error: Send(msgname=PContent::Msg_AsyncMessage) Channel error: cannot send/recv


###!!! [Parent][PContentParent] Error: Send(msgname=PContent::Msg_AsyncMessage) Channel error: cannot send/recv


###!!! [Parent][PContentParent] Error: Send(msgname=PContent::Msg_AsyncMessage) Channel error: cannot send/recv

[Parent 82572, IPC I/O Parent] WARNING: pipe error: 232: file /builds/worker/checkouts/gecko/ipc/chromium/src/chrome/common/ipc_channel_win.cc:556

###!!! [Parent][PContentParent] Error: Send(msgname=PContent::Msg_AsyncMessage) Channel error: cannot send/recv


###!!! [Parent][PContentParent] Error: Send(msgname=PContent::Msg_AsyncMessage) Channel error: cannot send/recv


###!!! [Parent][PContentParent] Error: Send(msgname=PContent::Msg_AsyncMessage) Channel error: cannot send/recv


###!!! [Parent][PContentParent] Error: Send(msgname=PContent::Msg_AsyncMessage) Channel error: cannot send/recv


###!!! [Parent][PContentParent] Error: Send(msgname=PContent::Msg_AsyncMessage) Channel error: cannot send/recv


###!!! [Parent][PContentParent] Error: Send(msgname=PContent::Msg_AsyncMessage) Channel error: cannot send/recv


###!!! [Parent][PContentParent] Error: Send(msgname=PContent::Msg_AsyncMessage) Channel error: cannot send/recv


###!!! [Parent][PContentParent] Error: Send(msgname=PContent::Msg_AsyncMessage) Channel error: cannot send/recv


###!!! [Parent][PContentParent] Error: Send(msgname=PContent::Msg_AsyncMessage) Channel error: cannot send/recv


###!!! [Parent][PContentParent] Error: Send(msgname=PContent::Msg_AsyncMessage) Channel error: cannot send/recv


###!!! [Parent][PContentParent] Error: Send(msgname=PContent::Msg_AsyncMessage) Channel error: cannot send/recv


###!!! [Parent][PContentParent] Error: Send(msgname=PContent::Msg_AsyncMessage) Channel error: cannot send/recv


###!!! [Parent][PContentParent] Error: Send(msgname=PContent::Msg_AsyncMessage) Channel error: cannot send/recv


###!!! [Parent][PContentParent] Error: Send(msgname=PContent::Msg_AsyncMessage) Channel error: cannot send/recv


###!!! [Parent][PContentParent] Error: Send(msgname=PContent::Msg_AsyncMessage) Channel error: cannot send/recv


###!!! [Parent][PContentParent] Error: Send(msgname=PContent::Msg_AsyncMessage) Channel error: cannot send/recv


###!!! [Parent][PContentParent] Error: Send(msgname=PContent::Msg_AsyncMessage) Channel error: cannot send/recv


###!!! [Parent][PContentParent] Error: Send(msgname=PContent::Msg_AsyncMessage) Channel error: cannot send/recv


###!!! [Parent][PContentParent] Error: Send(msgname=PContent::Msg_AsyncMessage) Channel error: cannot send/recv


###!!! [Parent][PContentParent] Error: Send(msgname=PContent::Msg_AsyncMessage) Channel error: cannot send/recv


###!!! [Parent][PContentParent] Error: Send(msgname=PContent::Msg_AsyncMessage) Channel error: cannot send/recv


###!!! [Parent][PContentParent] Error: Send(msgname=PContent::Msg_AsyncMessage) Channel error: cannot send/recv


###!!! [Parent][PContentParent] Error: Send(msgname=PContent::Msg_AsyncMessage) Channel error: cannot send/recv


###!!! [Parent][PContentParent] Error: Send(msgname=PContent::Msg_AsyncMessage) Channel error: cannot send/recv


###!!! [Parent][PContentParent] Error: Send(msgname=PContent::Msg_AsyncMessage) Channel error: cannot send/recv


###!!! [Parent][PContentParent] Error: Send(msgname=PContent::Msg_AsyncMessage) Channel error: cannot send/recv


###!!! [Parent][PContentParent] Error: Send(msgname=PContent::Msg_AsyncMessage) Channel error: cannot send/recv


###!!! [Parent][PContentParent] Error: Send(msgname=PContent::Msg_AsyncMessage) Channel error: cannot send/recv


###!!! [Parent][PContentParent] Error: Send(msgname=PContent::Msg_FlushTabState) Channel error: cannot send/recv


###!!! [Parent][PContentParent] Error: Send(msgname=PBrowser::Msg_Destroy) Channel error: cannot send/recv


###!!! [Parent][PContentParent] Error: Send(msgname=PContent::Msg_DiscardBrowsingContext) Channel error: cannot send/recv


###!!! [Parent][PContentParent] Error: Send(msgname=PContent::Msg_AsyncMessage) Channel error: cannot send/recv


###!!! [Parent][PContentParent] Error: Send(msgname=PContent::Msg_AsyncMessage) Channel error: cannot send/recv


###!!! [Parent][PContentParent] Error: Send(msgname=PContent::Msg_AsyncMessage) Channel error: cannot send/recv


###!!! [Parent][PContentParent] Error: Send(msgname=PContent::Msg_AsyncMessage) Channel error: cannot send/recv


###!!! [Parent][PContentParent] Error: Send(msgname=PContent::Msg_CommitBrowsingContextTransaction) Channel error: cannot send/recv


###!!! [Parent][PContentParent] Error: Send(msgname=PBrowser::Msg_UpdateEffects) Channel error: cannot send/recv


###!!! [Parent][PContentParent] Error: Send(msgname=PContent::Msg_FlushTabState) Channel error: cannot send/recv


###!!! [Parent][PContentParent] Error: Send(msgname=PBrowser::Msg_StopIMEStateManagement) Channel error: cannot send/recv


###!!! [Parent][PContentParent] Error: Send(msgname=PBrowser::Msg_Destroy) Channel error: cannot send/recv


###!!! [Parent][PContentParent] Error: Send(msgname=PContent::Msg_DiscardBrowsingContext) Channel error: cannot send/recv


###!!! [Child][PCompositorManagerChild] Error: SendAndWait(msgname=PCompositorBridge::Msg_WillClose) Channel error: cannot send/recv


###!!! [Parent][PContentParent] Error: Send(msgname=PDocumentChannel::Msg_DisconnectChildListeners) Channel error: cannot send/recv


###!!! [Parent][PContentParent] Error: Send(msgname=PContent::Msg_PreferenceUpdate) Channel error: cannot send/recv


###!!! [Parent][PContentParent] Error: Send(msgname=PContent::Msg_PreferenceUpdate) Channel error: cannot send/recv


###!!! [Child][PGPUChild] Error: Send(msgname=PGPU::Msg_PreferenceUpdate) Channel error: cannot send/recv

1652486631116	Marionette	INFO	Stopped listening on port 62942

###!!! [Parent][PContentParent] Error: Send(msgname=PContent::Msg_PreferenceUpdate) Channel error: cannot send/recv


###!!! [Parent][PContentParent] Error: Send(msgname=PContent::Msg_PreferenceUpdate) Channel error: cannot send/recv


###!!! [Child][PGPUChild] Error: Send(msgname=PGPU::Msg_PreferenceUpdate) Channel error: cannot send/recv


###!!! [Parent][PContentParent] Error: Send(msgname=PContent::Msg_PreferenceUpdate) Channel error: cannot send/recv


###!!! [Parent][PContentParent] Error: Send(msgname=PContent::Msg_PreferenceUpdate) Channel error: cannot send/recv


###!!! [Child][PGPUChild] Error: Send(msgname=PGPU::Msg_PreferenceUpdate) Channel error: cannot send/recv


###!!! [Parent][PContentParent] Error: Send(msgname=PContent::Msg_PreferenceUpdate) Channel error: cannot send/recv


###!!! [Parent][PContentParent] Error: Send(msgname=PContent::Msg_PreferenceUpdate) Channel error: cannot send/recv


###!!! [Child][PGPUChild] Error: Send(msgname=PGPU::Msg_PreferenceUpdate) Channel error: cannot send/recv


###!!! [Parent][PContentParent] Error: Send(msgname=PContent::Msg_PreferenceUpdate) Channel error: cannot send/recv


###!!! [Parent][PContentParent] Error: Send(msgname=PContent::Msg_PreferenceUpdate) Channel error: cannot send/recv


###!!! [Child][PGPUChild] Error: Send(msgname=PGPU::Msg_PreferenceUpdate) Channel error: cannot send/recv


###!!! [Parent][PContentParent] Error: Send(msgname=PContent::Msg_PreferenceUpdate) Channel error: cannot send/recv


###!!! [Parent][PContentParent] Error: Send(msgname=PContent::Msg_PreferenceUpdate) Channel error: cannot send/recv


###!!! [Child][PGPUChild] Error: Send(msgname=PGPU::Msg_PreferenceUpdate) Channel error: cannot send/recv


###!!! [Parent][PContentParent] Error: Send(msgname=PContent::Msg_PreferenceUpdate) Channel error: cannot send/recv


###!!! [Parent][PContentParent] Error: Send(msgname=PContent::Msg_PreferenceUpdate) Channel error: cannot send/recv


###!!! [Child][PGPUChild] Error: Send(msgname=PGPU::Msg_PreferenceUpdate) Channel error: cannot send/recv


###!!! [Parent][PContentParent] Error: Send(msgname=PContent::Msg_PreferenceUpdate) Channel error: cannot send/recv


###!!! [Parent][PContentParent] Error: Send(msgname=PContent::Msg_PreferenceUpdate) Channel error: cannot send/recv


###!!! [Child][PGPUChild] Error: Send(msgname=PGPU::Msg_PreferenceUpdate) Channel error: cannot send/recv


###!!! [Parent][PContentParent] Error: Send(msgname=PContent::Msg_PreferenceUpdate) Channel error: cannot send/recv


###!!! [Parent][PContentParent] Error: Send(msgname=PContent::Msg_PreferenceUpdate) Channel error: cannot send/recv


###!!! [Child][PGPUChild] Error: Send(msgname=PGPU::Msg_PreferenceUpdate) Channel error: cannot send/recv


###!!! [Parent][PContentParent] Error: Send(msgname=PContent::Msg_PreferenceUpdate) Channel error: cannot send/recv


###!!! [Parent][PContentParent] Error: Send(msgname=PContent::Msg_PreferenceUpdate) Channel error: cannot send/recv


###!!! [Child][PGPUChild] Error: Send(msgname=PGPU::Msg_PreferenceUpdate) Channel error: cannot send/recv


###!!! [Parent][PContentParent] Error: Send(msgname=PContent::Msg_PreferenceUpdate) Channel error: cannot send/recv


###!!! [Parent][PContentParent] Error: Send(msgname=PContent::Msg_PreferenceUpdate) Channel error: cannot send/recv


###!!! [Child][PGPUChild] Error: Send(msgname=PGPU::Msg_PreferenceUpdate) Channel error: cannot send/recv


###!!! [Parent][PContentParent] Error: Send(msgname=PContent::Msg_PreferenceUpdate) Channel error: cannot send/recv


###!!! [Parent][PContentParent] Error: Send(msgname=PContent::Msg_PreferenceUpdate) Channel error: cannot send/recv


###!!! [Child][PGPUChild] Error: Send(msgname=PGPU::Msg_PreferenceUpdate) Channel error: cannot send/recv


###!!! [Parent][PContentParent] Error: Send(msgname=PContent::Msg_PreferenceUpdate) Channel error: cannot send/recv


###!!! [Parent][PContentParent] Error: Send(msgname=PContent::Msg_PreferenceUpdate) Channel error: cannot send/recv


###!!! [Child][PGPUChild] Error: Send(msgname=PGPU::Msg_PreferenceUpdate) Channel error: cannot send/recv


###!!! [Parent][PContentParent] Error: Send(msgname=PContent::Msg_PreferenceUpdate) Channel error: cannot send/recv


###!!! [Parent][PContentParent] Error: Send(msgname=PContent::Msg_PreferenceUpdate) Channel error: cannot send/recv


###!!! [Child][PGPUChild] Error: Send(msgname=PGPU::Msg_PreferenceUpdate) Channel error: cannot send/recv


###!!! [Parent][PContentParent] Error: Send(msgname=PContent::Msg_PreferenceUpdate) Channel error: cannot send/recv


###!!! [Parent][PContentParent] Error: Send(msgname=PContent::Msg_PreferenceUpdate) Channel error: cannot send/recv


###!!! [Child][PGPUChild] Error: Send(msgname=PGPU::Msg_PreferenceUpdate) Channel error: cannot send/recv


###!!! [Parent][PContentParent] Error: Send(msgname=PContent::Msg_PreferenceUpdate) Channel error: cannot send/recv


###!!! [Parent][PContentParent] Error: Send(msgname=PContent::Msg_PreferenceUpdate) Channel error: cannot send/recv


###!!! [Child][PGPUChild] Error: Send(msgname=PGPU::Msg_PreferenceUpdate) Channel error: cannot send/recv


###!!! [Parent][PContentParent] Error: Send(msgname=PContent::Msg_PreferenceUpdate) Channel error: cannot send/recv


###!!! [Parent][PContentParent] Error: Send(msgname=PContent::Msg_PreferenceUpdate) Channel error: cannot send/recv


###!!! [Child][PGPUChild] Error: Send(msgname=PGPU::Msg_PreferenceUpdate) Channel error: cannot send/recv


###!!! [Parent][PContentParent] Error: Send(msgname=PContent::Msg_PreferenceUpdate) Channel error: cannot send/recv


###!!! [Parent][PContentParent] Error: Send(msgname=PContent::Msg_PreferenceUpdate) Channel error: cannot send/recv


###!!! [Child][PGPUChild] Error: Send(msgname=PGPU::Msg_PreferenceUpdate) Channel error: cannot send/recv


###!!! [Parent][PContentParent] Error: Send(msgname=PContent::Msg_PreferenceUpdate) Channel error: cannot send/recv


###!!! [Parent][PContentParent] Error: Send(msgname=PContent::Msg_PreferenceUpdate) Channel error: cannot send/recv


###!!! [Child][PGPUChild] Error: Send(msgname=PGPU::Msg_PreferenceUpdate) Channel error: cannot send/recv


###!!! [Parent][PContentParent] Error: Send(msgname=PContent::Msg_PreferenceUpdate) Channel error: cannot send/recv


###!!! [Parent][PContentParent] Error: Send(msgname=PContent::Msg_PreferenceUpdate) Channel error: cannot send/recv


###!!! [Child][PGPUChild] Error: Send(msgname=PGPU::Msg_PreferenceUpdate) Channel error: cannot send/recv


###!!! [Parent][PContentParent] Error: Send(msgname=PContent::Msg_PreferenceUpdate) Channel error: cannot send/recv


###!!! [Parent][PContentParent] Error: Send(msgname=PContent::Msg_PreferenceUpdate) Channel error: cannot send/recv


###!!! [Child][PGPUChild] Error: Send(msgname=PGPU::Msg_PreferenceUpdate) Channel error: cannot send/recv


###!!! [Parent][PContentParent] Error: Send(msgname=PContent::Msg_PreferenceUpdate) Channel error: cannot send/recv


###!!! [Parent][PContentParent] Error: Send(msgname=PContent::Msg_PreferenceUpdate) Channel error: cannot send/recv


###!!! [Child][PGPUChild] Error: Send(msgname=PGPU::Msg_PreferenceUpdate) Channel error: cannot send/recv


###!!! [Parent][PContentParent] Error: Send(msgname=PContent::Msg_PreferenceUpdate) Channel error: cannot send/recv


###!!! [Parent][PContentParent] Error: Send(msgname=PContent::Msg_PreferenceUpdate) Channel error: cannot send/recv


###!!! [Child][PGPUChild] Error: Send(msgname=PGPU::Msg_PreferenceUpdate) Channel error: cannot send/recv


###!!! [Parent][PSocketProcessParent] Error: Send(msgname=PSocketProcess::Msg_PreferenceUpdate) Channel error: cannot send/recv


###!!! [Parent][PContentParent] Error: Send(msgname=PContent::Msg_PreferenceUpdate) Channel error: cannot send/recv


###!!! [Parent][PContentParent] Error: Send(msgname=PContent::Msg_PreferenceUpdate) Channel error: cannot send/recv


###!!! [Child][PGPUChild] Error: Send(msgname=PGPU::Msg_PreferenceUpdate) Channel error: cannot send/recv


###!!! [Parent][PSocketProcessParent] Error: Send(msgname=PSocketProcess::Msg_PreferenceUpdate) Channel error: cannot send/recv


###!!! [Parent][PContentParent] Error: Send(msgname=PContent::Msg_PreferenceUpdate) Channel error: cannot send/recv


###!!! [Parent][PContentParent] Error: Send(msgname=PContent::Msg_PreferenceUpdate) Channel error: cannot send/recv


###!!! [Child][PGPUChild] Error: Send(msgname=PGPU::Msg_PreferenceUpdate) Channel error: cannot send/recv


###!!! [Parent][PSocketProcessParent] Error: Send(msgname=PSocketProcess::Msg_PreferenceUpdate) Channel error: cannot send/recv


###!!! [Parent][PContentParent] Error: Send(msgname=PContent::Msg_PreferenceUpdate) Channel error: cannot send/recv


###!!! [Parent][PContentParent] Error: Send(msgname=PContent::Msg_PreferenceUpdate) Channel error: cannot send/recv


###!!! [Child][PGPUChild] Error: Send(msgname=PGPU::Msg_PreferenceUpdate) Channel error: cannot send/recv


###!!! [Parent][PContentParent] Error: Send(msgname=PContent::Msg_PreferenceUpdate) Channel error: cannot send/recv


###!!! [Parent][PContentParent] Error: Send(msgname=PContent::Msg_PreferenceUpdate) Channel error: cannot send/recv


###!!! [Child][PGPUChild] Error: Send(msgname=PGPU::Msg_PreferenceUpdate) Channel error: cannot send/recv


###!!! [Parent][PContentParent] Error: Send(msgname=PContent::Msg_PreferenceUpdate) Channel error: cannot send/recv


###!!! [Parent][PContentParent] Error: Send(msgname=PContent::Msg_PreferenceUpdate) Channel error: cannot send/recv


###!!! [Child][PGPUChild] Error: Send(msgname=PGPU::Msg_PreferenceUpdate) Channel error: cannot send/recv


###!!! [Parent][PContentParent] Error: Send(msgname=PContent::Msg_PreferenceUpdate) Channel error: cannot send/recv


###!!! [Parent][PContentParent] Error: Send(msgname=PContent::Msg_PreferenceUpdate) Channel error: cannot send/recv


###!!! [Child][PGPUChild] Error: Send(msgname=PGPU::Msg_PreferenceUpdate) Channel error: cannot send/recv


###!!! [Child][PGPUChild] Error: Send(msgname=PGPU::Msg_RemoveLayerTreeIdMapping) Channel error: cannot send/recv


###!!! [Parent][PContentParent] Error: Send(msgname=PContent::Msg_DestroyBrowsingContextGroup) Channel error: cannot send/recv

A content process crashed and MOZ_CRASHREPORTER_SHUTDOWN is set, shutting down

###!!! [Parent][PContentParent] Error: Send(msgname=PContent::Msg_UpdateSharedData) Channel error: cannot send/recv


###!!! [Parent][PContentParent] Error: Send(msgname=PContent::Msg_UpdateSharedData) Channel error: cannot send/recv


###!!! [Parent][PContentParent] Error: Send(msgname=PContent::Msg_UpdateSharedData) Channel error: cannot send/recv


###!!! [Parent][PContentParent] Error: Send(msgname=PContent::Msg_UpdateSharedData) Channel error: cannot send/recv


###!!! [Parent][PContentParent] Error: Send(msgname=PContent::Msg_UpdateSharedData) Channel error: cannot send/recv


###!!! [Parent][PContentParent] Error: Send(msgname=PContent::Msg_UpdateSharedData) Channel error: cannot send/recv

A content process crashed and MOZ_CRASHREPORTER_SHUTDOWN is set, shutting down
A content process crashed and MOZ_CRASHREPORTER_SHUTDOWN is set, shutting down
Shutting down due to socket process crash.

###!!! [Child][PGPUChild] Error: Send(msgname=PGPU::Msg_RemoveLayerTreeIdMapping) Channel error: cannot send/recv


###!!! [Child][PGPUChild] Error: Send(msgname=PGPU::Msg_RemoveLayerTreeIdMapping) Channel error: cannot send/recv


###!!! [Child][PGPUChild] Error: Send(msgname=PGPU::Msg_RemoveLayerTreeIdMapping) Channel error: cannot send/recv


###!!! [Child][PGPUChild] Error: Send(msgname=PGPU::Msg_RemoveLayerTreeIdMapping) Channel error: cannot send/recv


###!!! [Child][PGPUChild] Error: Send(msgname=PGPU::Msg_RemoveLayerTreeIdMapping) Channel error: cannot send/recv


###!!! [Child][PCompositorManagerChild] Error: Send(msgname=PWebRenderBridge::Msg_Shutdown) Channel error: cannot send/recv


###!!! [Child][PCompositorManagerChild] Error: SendAndWait(msgname=PCompositorBridge::Msg_WillClose) Channel error: cannot send/recv

[GFX1-]: Receive IPC close with reason=AbnormalShutdown
[GFX1-]: Receive IPC close with reason=AbnormalShutdown
[Parent 82572, IPC I/O Parent] WARNING: file /builds/worker/checkouts/gecko/ipc/chromium/src/base/process_util_win.cc:167
[Parent 82572, IPC I/O Parent] WARNING: file /builds/worker/checkouts/gecko/ipc/chromium/src/base/process_util_win.cc:167
[Parent 82572, IPC I/O Parent] WARNING: file /builds/worker/checkouts/gecko/ipc/chromium/src/base/process_util_win.cc:167
[Parent 82572, IPC I/O Parent] WARNING: file /builds/worker/checkouts/gecko/ipc/chromium/src/base/process_util_win.cc:167
A content process crashed and MOZ_CRASHREPORTER_SHUTDOWN is set, shutting down
[Parent 82572, IPC I/O Parent] WARNING: file /builds/worker/checkouts/gecko/ipc/chromium/src/base/process_util_win.cc:167
console.warn: TopSitesFeed: Failed to fetch data from Contile server: NetworkError when attempting to fetch resource.
JavaScript error: chrome://remote/content/marionette/cert.js, line 55: NS_ERROR_NOT_AVAILABLE: Component returned failure code: 0x80040111 (NS_ERROR_NOT_AVAILABLE) [nsICertOverrideService.setDisableAllSecurityChecksAndLetAttackersInterceptMyData]
1652488593638	geckodriver	INFO	Listening on 127.0.0.1:50238
1652488596732	mozrunner::runner	INFO	Running command: "C:\\Program Files\\Mozilla Firefox\\firefox.exe" "--marionette" "--incognito" "user-agent=\"Mozilla/5.0 (Linux; Android 4.4.2; Nexus 4 Build/KOT49H) AppleWebKit/537.36 (KHTML, like Gecko) Chrome/34.0.1847.114 Mobile Safari/537.36\"" "-no-remote" "-profile" "C:\\Users\\14429\\AppData\\Local\\Temp\\rust_mozprofile47JvTf"
1652488597643	Marionette	INFO	Marionette enabled
console.warn: SearchSettings: "get: No settings file exists, new profile?" (new NotFoundError("Could not open the file at C:\\Users\\14429\\AppData\\Local\\Temp\\rust_mozprofile47JvTf\\search.json.mozlz4", (void 0)))
1652488599600	Marionette	INFO	Listening on port 50267
Read port: 50267
1652488599662	RemoteAgent	WARN	TLS certificate errors will be ignored for this session
console.warn: "Async method failed in safeAsyncMethod" (new Error("Connection closed, pending request to server0.conn0.windowGlobal6442450947/layout47, type getGrids failed\n\nRequest stack:\nrequest@resource://devtools/shared/protocol/Front.js:292:14\ngenerateRequestMethods/</frontProto[name]@resource://devtools/shared/protocol/Front/FrontClassWithSpec.js:46:19\ngetAllGrids@resource://devtools/client/fronts/layout.js:171:17\nexports.safeAsyncMethod/<@resource://devtools/shared/async-utils.js:61:25\ngetGrids@resource://devtools/client/inspector/grids/grid-inspector.js:449:35\n", "resource://devtools/shared/protocol/Front.js", 106))
JavaScript error: , line 0: NotFoundError: No such JSWindowActor 'DevToolsFrame'
JavaScript error: , line 0: NotFoundError: No such JSWindowActor 'DevToolsFrame'
JavaScript error: , line 0: NotFoundError: No such JSWindowActor 'DevToolsFrame'
console.error: "Error while calling actor 'pagestyle's method 'getApplied'" "this.pageStyle is null"
console.error: (new TypeError("this.pageStyle is null", "resource://devtools/server/actors/style-rule.js", 604))
console.error: "Error while calling actor 'pagestyle's method 'getApplied'" "this.pageStyle is null"
console.error: (new TypeError("this.pageStyle is null", "resource://devtools/server/actors/style-rule.js", 604))
console.error: "Error while calling actor 'pagestyle's method 'getApplied'" "this.pageStyle is null"
console.error: (new TypeError("this.pageStyle is null", "resource://devtools/server/actors/style-rule.js", 604))
console.error: "Unable to find target with innerWindowId:6442450947"
JavaScript error: resource://gre/modules/AsyncShutdown.jsm, line 575: NotFoundError: No such JSWindowActor 'DevToolsFrame'
1652488828483	Marionette	INFO	Stopped listening on port 50267

###!!! [Parent][PGPUParent] Error: RunMessage(msgname=PGPU::Msg_ShutdownVR) Channel closing: too late to send/recv, messages will be lost

 Safari/537.36\"" "-no-remote" "-profile" "C:\\Users\\14429\\AppData\\Local\\Temp\\rust_mozprofileARSYGC"
1652488690775	Marionette	INFO	Marionette enabled
console.warn: SearchSettings: "get: No settings file exists, new profile?" (new NotFoundError("Could not open the file at C:\\Users\\14429\\AppData\\Local\\Temp\\rust_mozprofileARSYGC\\search.json.mozlz4", (void 0)))
1652488692860	Marionette	INFO	Listening on port 50513
Read port: 50513
1652488692958	RemoteAgent	WARN	TLS certificate errors will be ignored for this session
1652488827877	Marionette	INFO	Stopped listening on port 50513

###!!! [Child][PContentChild] Error: RunMessage(msgname=PHttpChannel::Msg_DeleteSelf) Channel closing: too late to send/recv, messages will be lost


###!!! [Parent][PGPUParent] Error: RunMessage(msgname=PGPU::Msg_ShutdownVR) Channel closing: too late to send/recv, messages will be lost

" "-profile" "C:\\Users\\14429\\AppData\\Local\\Temp\\rust_mozprofileWuhSdd"
1652488743660	Marionette	INFO	Marionette enabled
console.warn: SearchSettings: "get: No settings file exists, new profile?" (new NotFoundError("Could not open the file at C:\\Users\\14429\\AppData\\Local\\Temp\\rust_mozprofileWuhSdd\\search.json.mozlz4", (void 0)))
1652488745968	Marionette	INFO	Listening on port 50664
Read port: 50664
1652488746077	RemoteAgent	WARN	TLS certificate errors will be ignored for this session
1652488827058	Marionette	INFO	Stopped listening on port 50664

###!!! [Parent][PGPUParent] Error: RunMessage(msgname=PGPU::Msg_ShutdownVR) Channel closing: too late to send/recv, messages will be lost

"Mozilla/5.0 (Linux; Android 4.4.2; Nexus 4 Build/KOT49H) AppleWebKit/537.36 (KHTML, like Gecko) Chrome/34.0.1847.114 Mobile Safari/537.36\"" "-no-remote" "-profile" "C:\\Users\\14429\\AppData\\Local\\Temp\\rust_mozprofileWvUZYL"
1652488823491	Marionette	INFO	Marionette enabled
console.warn: SearchSettings: "get: No settings file exists, new profile?" (new NotFoundError("Could not open the file at C:\\Users\\14429\\AppData\\Local\\Temp\\rust_mozprofileWvUZYL\\search.json.mozlz4", (void 0)))
1652488825953	Marionette	INFO	Listening on port 50852
Read port: 50852
1652488826028	RemoteAgent	WARN	TLS certificate errors will be ignored for this session
1652488898694	Marionette	INFO	Stopped listening on port 50852
2488858160	mozrunner::runner	INFO	Running command: "C:\\Program Files\\Mozilla Firefox\\firefox.exe" "--marionette" "--incognito" "user-agent=\"Mozilla/5.0 (Linux; Android 4.4.2; Nexus 4 Build/KOT49H) AppleWebKit/537.36 (KHTML, like Gecko) Chrome/34.0.1847.114 Mobile Safari/537.36\"" "-no-remote" "-profile" "C:\\Users\\14429\\AppData\\Local\\Temp\\rust_mozprofileVEdYc0"
1652488858574	Marionette	INFO	Marionette enabled
console.warn: SearchSettings: "get: No settings file exists, new profile?" (new NotFoundError("Could not open the file at C:\\Users\\14429\\AppData\\Local\\Temp\\rust_mozprofileVEdYc0\\search.json.mozlz4", (void 0)))
1652488860572	Marionette	INFO	Listening on port 50979
Read port: 50979
1652488860630	RemoteAgent	WARN	TLS certificate errors will be ignored for this session
1652488896807	Marionette	INFO	Stopped listening on port 50971652488899047	mozrunner::runner	INFO	Running command: "C:\\Program Files\\Mozilla Firefox\\firefox.exe" "--marionette" "--incognito" "user-agent=\"Mozilla/5.0 (Linux; Android 4.4.2; Nexus 4 Build/KOT49H) AppleWebKit/537.36 (KHTML, like Gecko) Chrome/34.0.1847.114 Mobile Safari/537.36\"" "-no-remote" "-profile" "C:\\Users\\14429\\AppData\\Local\\Temp\\rust_mozprofileyWa5Dl"
1652488899533	Marionette	INFO	Marionette enabled
console.warn: SearchSettings: "get: No settings file exists, new profile?" (new NotFoundError("Could not open the file at C:\\Users\\14429\\AppData\\Local\\Temp\\rust_mozprofileyWa5Dl\\search.json.mozlz4", (void 0)))
1652488901444	Marionette	INFO	Listening on port 51119
Read port: 51119
1652488901500	RemoteAgent	WARN	TLS certificate errors will be ignored for this session
1652489354172	Marionette	INFO	Stopped listening on port 51119

###!!! [Parent][PGPUParent] Error: RunMessage(msgname=PGPU::Msg_ShutdownVR) Channel closing: too late to send/recv, messages will be lost

1652489374370	geckodriver	INFO	Listening on 127.0.0.1:51713
1652489377437	mozrunner::runner	INFO	Running command: "C:\\Program Files\\Mozilla Firefox\\firefox.exe" "--marionette" "--incognito" "user-agent=\"Mozilla/5.0 (Linux; Android 4.4.2; Nexus 4 Build/KOT49H) AppleWebKit/537.36 (KHTML, like Gecko) Chrome/34.0.1847.114 Mobile Safari/537.36\"" "-no-remote" "-profile" "C:\\Users\\14429\\AppData\\Local\\Temp\\rust_mozprofile55H7Bb"
1652489377843	Marionette	INFO	Marionette enabled
console.warn: SearchSettings: "get: No settings file exists, new profile?" (new NotFoundError("Could not open the file at C:\\Users\\14429\\AppData\\Local\\Temp\\rust_mozprofile55H7Bb\\search.json.mozlz4", (void 0)))
1652489379709	Marionette	INFO	Listening on port 51742
Read port: 51742
1652489379780	RemoteAgent	WARN	TLS certificate errors will be ignored for this session
1652489498223	Marionette	WARN	TimedPromise timed out after 500 ms: stacktrace:
TimedPromise/<@chrome://remote/content/marionette/sync.js:235:19
TimedPromise@chrome://remote/content/marionette/sync.js:220:10
interaction.flushEventLoop@chrome://remote/content/marionette/interaction.js:431:10
webdriverClickElement@chrome://remote/content/marionette/interaction.js:179:31
1652489549683	Marionette	INFO	Stopped listening on port 51742

###!!! [Parent][PGPUParent] Error: RunMessage(msgname=PGPU::Msg_ShutdownVR) Channel closing: too late to send/recv, messages will be lost

